{"uuid":"cadastrar-colaborador;validar-cadastro-de-colaborador-sem-foto-com-sucesso","historyId":"a4df0a0dbe78fd426227ade719f62bb2","labels":[{"name":"feature","value":"Cadastrar Colaborador"},{"name":"story","value":"Validar cadastro de colaborador sem foto com sucesso"},{"name":"tag","value":"wip"},{"name":"tag","value":"test"},{"name":"host","value":"DBC-000559"},{"name":"package","value":"Cadastrar Colaborador"},{"name":"suite","value":"Cadastrar Colaborador"},{"name":"testClass","value":"Validar cadastro de colaborador sem foto com sucesso"},{"name":"thread","value":"10744@DBC-000559.main(1)"}],"links":[],"name":"Validar cadastro de colaborador sem foto com sucesso","status":"failed","statusDetails":{"known":false,"muted":false,"flaky":false,"message":"Expected condition failed: waiting for presence of element located by: By.cssSelector: .Toastify__toast-body > :nth-child(2) (tried for 10 second(s) with 500 milliseconds interval)","trace":"org.openqa.selenium.TimeoutException: Expected condition failed: waiting for presence of element located by: By.cssSelector: .Toastify__toast-body > :nth-child(2) (tried for 10 second(s) with 500 milliseconds interval)\r\n\tat org.openqa.selenium.support.ui.WebDriverWait.timeoutException(WebDriverWait.java:95)\r\n\tat org.openqa.selenium.support.ui.FluentWait.until(FluentWait.java:272)\r\n\tat br.com.dbccompany.vemser.avaliaser.util.Elements.waitElement(Elements.java:17)\r\n\tat br.com.dbccompany.vemser.avaliaser.pages.BasePage.getAttributeInnerText(BasePage.java:31)\r\n\tat br.com.dbccompany.vemser.avaliaser.pages.CadastrarColaboradorPage.validarMensagemDeCadastroComSucesso(CadastrarColaboradorPage.java:45)\r\n\tat br.com.dbccompany.vemser.avaliaser.steps.CadastrarColaboradorSteps.validarCadastroComSucesso(CadastrarColaboradorSteps.java:46)\r\n\tat ✽.Então devo visualizar mensagem de sucesso na tela e ser redirecionado para a página Dashboard(CadastrarColaborador.feature:16)\r\nCaused by: org.openqa.selenium.NoSuchElementException: no such element: Unable to locate element: {\"method\":\"css selector\",\"selector\":\".Toastify__toast-body > :nth-child(2)\"}\n  (Session info: chrome=108.0.5359.94)\nFor documentation on this error, please visit: https://www.seleniumhq.org/exceptions/no_such_element.html\nBuild info: version: '3.141.59', revision: 'e82be7d358', time: '2018-11-14T08:17:03'\nSystem info: host: 'DBC-000559', ip: '192.168.0.10', os.name: 'Windows 10', os.arch: 'amd64', os.version: '10.0', java.version: '11.0.17'\nDriver info: org.openqa.selenium.chrome.ChromeDriver\nCapabilities {acceptInsecureCerts: false, browserName: chrome, browserVersion: 108.0.5359.94, chrome: {chromedriverVersion: 107.0.5304.62 (1eec40d3a576..., userDataDir: C:\\Users\\JACIAN~1.SAN\\AppDa...}, goog:chromeOptions: {debuggerAddress: localhost:63945}, javascriptEnabled: true, networkConnectionEnabled: false, pageLoadStrategy: normal, platform: WINDOWS, platformName: WINDOWS, proxy: Proxy(), setWindowRect: true, strictFileInteractability: false, timeouts: {implicit: 0, pageLoad: 300000, script: 30000}, unhandledPromptBehavior: dismiss and notify, webauthn:extension:credBlob: true, webauthn:extension:largeBlob: true, webauthn:virtualAuthenticators: true}\nSession ID: 5707d42c2d01c7a482ce0a417f099faf\n*** Element info: {Using=css selector, value=.Toastify__toast-body > :nth-child(2)}\r\n\tat java.base/jdk.internal.reflect.NativeConstructorAccessorImpl.newInstance0(Native Method)\r\n\tat java.base/jdk.internal.reflect.NativeConstructorAccessorImpl.newInstance(NativeConstructorAccessorImpl.java:62)\r\n\tat java.base/jdk.internal.reflect.DelegatingConstructorAccessorImpl.newInstance(DelegatingConstructorAccessorImpl.java:45)\r\n\tat java.base/java.lang.reflect.Constructor.newInstance(Constructor.java:490)\r\n\tat org.openqa.selenium.remote.http.W3CHttpResponseCodec.createException(W3CHttpResponseCodec.java:187)\r\n\tat org.openqa.selenium.remote.http.W3CHttpResponseCodec.decode(W3CHttpResponseCodec.java:122)\r\n\tat org.openqa.selenium.remote.http.W3CHttpResponseCodec.decode(W3CHttpResponseCodec.java:49)\r\n\tat org.openqa.selenium.remote.HttpCommandExecutor.execute(HttpCommandExecutor.java:158)\r\n\tat org.openqa.selenium.remote.service.DriverCommandExecutor.execute(DriverCommandExecutor.java:83)\r\n\tat org.openqa.selenium.remote.RemoteWebDriver.execute(RemoteWebDriver.java:552)\r\n\tat org.openqa.selenium.remote.RemoteWebDriver.findElement(RemoteWebDriver.java:323)\r\n\tat org.openqa.selenium.remote.RemoteWebDriver.findElementByCssSelector(RemoteWebDriver.java:420)\r\n\tat org.openqa.selenium.By$ByCssSelector.findElement(By.java:431)\r\n\tat org.openqa.selenium.remote.RemoteWebDriver.findElement(RemoteWebDriver.java:315)\r\n\tat org.openqa.selenium.support.ui.ExpectedConditions$6.apply(ExpectedConditions.java:182)\r\n\tat org.openqa.selenium.support.ui.ExpectedConditions$6.apply(ExpectedConditions.java:179)\r\n\tat org.openqa.selenium.support.ui.FluentWait.until(FluentWait.java:249)\r\n\tat br.com.dbccompany.vemser.avaliaser.util.Elements.waitElement(Elements.java:17)\r\n\tat br.com.dbccompany.vemser.avaliaser.pages.BasePage.getAttributeInnerText(BasePage.java:31)\r\n\tat br.com.dbccompany.vemser.avaliaser.pages.CadastrarColaboradorPage.validarMensagemDeCadastroComSucesso(CadastrarColaboradorPage.java:45)\r\n\tat br.com.dbccompany.vemser.avaliaser.steps.CadastrarColaboradorSteps.validarCadastroComSucesso(CadastrarColaboradorSteps.java:46)\r\n\tat java.base/jdk.internal.reflect.NativeMethodAccessorImpl.invoke0(Native Method)\r\n\tat java.base/jdk.internal.reflect.NativeMethodAccessorImpl.invoke(NativeMethodAccessorImpl.java:62)\r\n\tat java.base/jdk.internal.reflect.DelegatingMethodAccessorImpl.invoke(DelegatingMethodAccessorImpl.java:43)\r\n\tat java.base/java.lang.reflect.Method.invoke(Method.java:566)\r\n\tat cucumber.runtime.Utils$1.call(Utils.java:40)\r\n\tat cucumber.runtime.Timeout.timeout(Timeout.java:16)\r\n\tat cucumber.runtime.Utils.invoke(Utils.java:34)\r\n\tat cucumber.runtime.java.JavaStepDefinition.execute(JavaStepDefinition.java:38)\r\n\tat cucumber.runtime.StepDefinitionMatch.runStep(StepDefinitionMatch.java:37)\r\n\tat cucumber.runtime.Runtime.runStep(Runtime.java:300)\r\n\tat cucumber.runtime.model.StepContainer.runStep(StepContainer.java:44)\r\n\tat cucumber.runtime.model.StepContainer.runSteps(StepContainer.java:39)\r\n\tat cucumber.runtime.model.CucumberScenario.run(CucumberScenario.java:44)\r\n\tat cucumber.runtime.junit.ExecutionUnitRunner.run(ExecutionUnitRunner.java:102)\r\n\tat cucumber.runtime.junit.FeatureRunner.runChild(FeatureRunner.java:63)\r\n\tat cucumber.runtime.junit.FeatureRunner.runChild(FeatureRunner.java:18)\r\n\tat org.junit.runners.ParentRunner$4.run(ParentRunner.java:331)\r\n\tat org.junit.runners.ParentRunner$1.schedule(ParentRunner.java:79)\r\n\tat org.junit.runners.ParentRunner.runChildren(ParentRunner.java:329)\r\n\tat org.junit.runners.ParentRunner.access$100(ParentRunner.java:66)\r\n\tat org.junit.runners.ParentRunner$2.evaluate(ParentRunner.java:293)\r\n\tat org.junit.runners.ParentRunner$3.evaluate(ParentRunner.java:306)\r\n\tat org.junit.runners.ParentRunner.run(ParentRunner.java:413)\r\n\tat cucumber.runtime.junit.FeatureRunner.run(FeatureRunner.java:70)\r\n\tat cucumber.api.junit.Cucumber.runChild(Cucumber.java:95)\r\n\tat cucumber.api.junit.Cucumber.runChild(Cucumber.java:38)\r\n\tat org.junit.runners.ParentRunner$4.run(ParentRunner.java:331)\r\n\tat org.junit.runners.ParentRunner$1.schedule(ParentRunner.java:79)\r\n\tat org.junit.runners.ParentRunner.runChildren(ParentRunner.java:329)\r\n\tat org.junit.runners.ParentRunner.access$100(ParentRunner.java:66)\r\n\tat org.junit.runners.ParentRunner$2.evaluate(ParentRunner.java:293)\r\n\tat org.junit.runners.ParentRunner$3.evaluate(ParentRunner.java:306)\r\n\tat org.junit.runners.ParentRunner.run(ParentRunner.java:413)\r\n\tat cucumber.api.junit.Cucumber.run(Cucumber.java:100)\r\n\tat org.junit.runner.JUnitCore.run(JUnitCore.java:137)\r\n\tat com.intellij.junit4.JUnit4IdeaTestRunner.startRunnerWithArgs(JUnit4IdeaTestRunner.java:69)\r\n\tat com.intellij.rt.junit.IdeaTestRunner$Repeater$1.execute(IdeaTestRunner.java:38)\r\n\tat com.intellij.rt.execution.junit.TestsRepeater.repeat(TestsRepeater.java:11)\r\n\tat com.intellij.rt.junit.IdeaTestRunner$Repeater.startRunnerWithArgs(IdeaTestRunner.java:35)\r\n\tat com.intellij.rt.junit.JUnitStarter.prepareStreamsAndStart(JUnitStarter.java:235)\r\n\tat com.intellij.rt.junit.JUnitStarter.main(JUnitStarter.java:54)\r\n"},"stage":"finished","steps":[{"name":"BaseSteps.abrirNavegador()","status":"passed","stage":"finished","steps":[],"attachments":[],"parameters":[],"start":1670076728099,"stop":1670076728100},{"name":"Dado  que faço login no sistema como administrador","status":"passed","stage":"finished","steps":[{"name":"Preencher campo com email válido","status":"passed","stage":"finished","steps":[],"attachments":[],"parameters":[{"name":"email","value":"paulo.sergio@dbccompany.com.br"}],"start":1670076729108,"stop":1670076729443},{"name":"Preencher campo com senha válida","status":"passed","stage":"finished","steps":[],"attachments":[],"parameters":[{"name":"senha","value":"administrador"}],"start":1670076729444,"stop":1670076729860},{"name":"Clicar no botão Entrar","status":"passed","stage":"finished","steps":[],"attachments":[],"parameters":[],"start":1670076729860,"stop":1670076730025}],"attachments":[],"parameters":[],"start":1670076728111,"stop":1670076730047},{"name":"E  que acesso a página de Cadastrar Colaborador","status":"passed","stage":"finished","steps":[{"name":"Clicar no botão Menu","status":"passed","stage":"finished","steps":[],"attachments":[],"parameters":[],"start":1670076735185,"stop":1670076735333},{"name":"Clicar no botão Cadastrar Colaborador","status":"passed","stage":"finished","steps":[],"attachments":[],"parameters":[],"start":1670076735333,"stop":1670076735516}],"attachments":[],"parameters":[],"start":1670076730077,"stop":1670076735517},{"name":"E  que preencho o campo nome válido","status":"passed","stage":"finished","steps":[{"name":"Preencher campo nome","status":"passed","stage":"finished","steps":[],"attachments":[],"parameters":[{"name":"nome","value":"Jaciane Santana"}],"start":1670076735537,"stop":1670076735763}],"attachments":[],"parameters":[],"start":1670076735518,"stop":1670076735764},{"name":"E  que preencho o campo email válido","status":"passed","stage":"finished","steps":[{"name":"Preencher campo email","status":"passed","stage":"finished","steps":[],"attachments":[],"parameters":[{"name":"email","value":"jaciane.santana@dbccompany.com.br"}],"start":1670076735766,"stop":1670076736002}],"attachments":[],"parameters":[],"start":1670076735765,"stop":1670076736002},{"name":"E  que seleciono um cargo","status":"passed","stage":"finished","steps":[{"name":"Clicar no botão Gestor de Pessoas","status":"passed","stage":"finished","steps":[],"attachments":[],"parameters":[],"start":1670076736003,"stop":1670076736101}],"attachments":[],"parameters":[],"start":1670076736003,"stop":1670076736102},{"name":"Quando  clico em ‘Enviar’","status":"passed","stage":"finished","steps":[{"name":"Clicar no botão Enviar","status":"passed","stage":"finished","steps":[],"attachments":[],"parameters":[],"start":1670076736103,"stop":1670076736272}],"attachments":[],"parameters":[],"start":1670076736103,"stop":1670076736273},{"name":"Então  devo visualizar mensagem de sucesso na tela e ser redirecionado para a página Dashboard","status":"failed","stage":"finished","steps":[{"name":"Validar mensagem de cadastro com sucesso","status":"broken","statusDetails":{"known":false,"muted":false,"flaky":false,"message":"Expected condition failed: waiting for presence of element located by: By.cssSelector: .Toastify__toast-body > :nth-child(2) (tried for 10 second(s) with 500 milliseconds interval)","trace":"org.openqa.selenium.TimeoutException: Expected condition failed: waiting for presence of element located by: By.cssSelector: .Toastify__toast-body > :nth-child(2) (tried for 10 second(s) with 500 milliseconds interval)\r\n\tat org.openqa.selenium.support.ui.WebDriverWait.timeoutException(WebDriverWait.java:95)\r\n\tat org.openqa.selenium.support.ui.FluentWait.until(FluentWait.java:272)\r\n\tat br.com.dbccompany.vemser.avaliaser.util.Elements.waitElement(Elements.java:17)\r\n\tat br.com.dbccompany.vemser.avaliaser.pages.BasePage.getAttributeInnerText(BasePage.java:31)\r\n\tat br.com.dbccompany.vemser.avaliaser.pages.CadastrarColaboradorPage.validarMensagemDeCadastroComSucesso(CadastrarColaboradorPage.java:45)\r\n\tat br.com.dbccompany.vemser.avaliaser.steps.CadastrarColaboradorSteps.validarCadastroComSucesso(CadastrarColaboradorSteps.java:46)\r\n\tat java.base/jdk.internal.reflect.NativeMethodAccessorImpl.invoke0(Native Method)\r\n\tat java.base/jdk.internal.reflect.NativeMethodAccessorImpl.invoke(NativeMethodAccessorImpl.java:62)\r\n\tat java.base/jdk.internal.reflect.DelegatingMethodAccessorImpl.invoke(DelegatingMethodAccessorImpl.java:43)\r\n\tat java.base/java.lang.reflect.Method.invoke(Method.java:566)\r\n\tat cucumber.runtime.Utils$1.call(Utils.java:40)\r\n\tat cucumber.runtime.Timeout.timeout(Timeout.java:16)\r\n\tat cucumber.runtime.Utils.invoke(Utils.java:34)\r\n\tat cucumber.runtime.java.JavaStepDefinition.execute(JavaStepDefinition.java:38)\r\n\tat cucumber.runtime.StepDefinitionMatch.runStep(StepDefinitionMatch.java:37)\r\n\tat cucumber.runtime.Runtime.runStep(Runtime.java:300)\r\n\tat cucumber.runtime.model.StepContainer.runStep(StepContainer.java:44)\r\n\tat cucumber.runtime.model.StepContainer.runSteps(StepContainer.java:39)\r\n\tat cucumber.runtime.model.CucumberScenario.run(CucumberScenario.java:44)\r\n\tat cucumber.runtime.junit.ExecutionUnitRunner.run(ExecutionUnitRunner.java:102)\r\n\tat cucumber.runtime.junit.FeatureRunner.runChild(FeatureRunner.java:63)\r\n\tat cucumber.runtime.junit.FeatureRunner.runChild(FeatureRunner.java:18)\r\n\tat org.junit.runners.ParentRunner$4.run(ParentRunner.java:331)\r\n\tat org.junit.runners.ParentRunner$1.schedule(ParentRunner.java:79)\r\n\tat org.junit.runners.ParentRunner.runChildren(ParentRunner.java:329)\r\n\tat org.junit.runners.ParentRunner.access$100(ParentRunner.java:66)\r\n\tat org.junit.runners.ParentRunner$2.evaluate(ParentRunner.java:293)\r\n\tat org.junit.runners.ParentRunner$3.evaluate(ParentRunner.java:306)\r\n\tat org.junit.runners.ParentRunner.run(ParentRunner.java:413)\r\n\tat cucumber.runtime.junit.FeatureRunner.run(FeatureRunner.java:70)\r\n\tat cucumber.api.junit.Cucumber.runChild(Cucumber.java:95)\r\n\tat cucumber.api.junit.Cucumber.runChild(Cucumber.java:38)\r\n\tat org.junit.runners.ParentRunner$4.run(ParentRunner.java:331)\r\n\tat org.junit.runners.ParentRunner$1.schedule(ParentRunner.java:79)\r\n\tat org.junit.runners.ParentRunner.runChildren(ParentRunner.java:329)\r\n\tat org.junit.runners.ParentRunner.access$100(ParentRunner.java:66)\r\n\tat org.junit.runners.ParentRunner$2.evaluate(ParentRunner.java:293)\r\n\tat org.junit.runners.ParentRunner$3.evaluate(ParentRunner.java:306)\r\n\tat org.junit.runners.ParentRunner.run(ParentRunner.java:413)\r\n\tat cucumber.api.junit.Cucumber.run(Cucumber.java:100)\r\n\tat org.junit.runner.JUnitCore.run(JUnitCore.java:137)\r\n\tat com.intellij.junit4.JUnit4IdeaTestRunner.startRunnerWithArgs(JUnit4IdeaTestRunner.java:69)\r\n\tat com.intellij.rt.junit.IdeaTestRunner$Repeater$1.execute(IdeaTestRunner.java:38)\r\n\tat com.intellij.rt.execution.junit.TestsRepeater.repeat(TestsRepeater.java:11)\r\n\tat com.intellij.rt.junit.IdeaTestRunner$Repeater.startRunnerWithArgs(IdeaTestRunner.java:35)\r\n\tat com.intellij.rt.junit.JUnitStarter.prepareStreamsAndStart(JUnitStarter.java:235)\r\n\tat com.intellij.rt.junit.JUnitStarter.main(JUnitStarter.java:54)\r\nCaused by: org.openqa.selenium.NoSuchElementException: no such element: Unable to locate element: {\"method\":\"css selector\",\"selector\":\".Toastify__toast-body > :nth-child(2)\"}\n  (Session info: chrome=108.0.5359.94)\nFor documentation on this error, please visit: https://www.seleniumhq.org/exceptions/no_such_element.html\nBuild info: version: '3.141.59', revision: 'e82be7d358', time: '2018-11-14T08:17:03'\nSystem info: host: 'DBC-000559', ip: '192.168.0.10', os.name: 'Windows 10', os.arch: 'amd64', os.version: '10.0', java.version: '11.0.17'\nDriver info: org.openqa.selenium.chrome.ChromeDriver\nCapabilities {acceptInsecureCerts: false, browserName: chrome, browserVersion: 108.0.5359.94, chrome: {chromedriverVersion: 107.0.5304.62 (1eec40d3a576..., userDataDir: C:\\Users\\JACIAN~1.SAN\\AppDa...}, goog:chromeOptions: {debuggerAddress: localhost:63945}, javascriptEnabled: true, networkConnectionEnabled: false, pageLoadStrategy: normal, platform: WINDOWS, platformName: WINDOWS, proxy: Proxy(), setWindowRect: true, strictFileInteractability: false, timeouts: {implicit: 0, pageLoad: 300000, script: 30000}, unhandledPromptBehavior: dismiss and notify, webauthn:extension:credBlob: true, webauthn:extension:largeBlob: true, webauthn:virtualAuthenticators: true}\nSession ID: 5707d42c2d01c7a482ce0a417f099faf\n*** Element info: {Using=css selector, value=.Toastify__toast-body > :nth-child(2)}\r\n\tat java.base/jdk.internal.reflect.NativeConstructorAccessorImpl.newInstance0(Native Method)\r\n\tat java.base/jdk.internal.reflect.NativeConstructorAccessorImpl.newInstance(NativeConstructorAccessorImpl.java:62)\r\n\tat java.base/jdk.internal.reflect.DelegatingConstructorAccessorImpl.newInstance(DelegatingConstructorAccessorImpl.java:45)\r\n\tat java.base/java.lang.reflect.Constructor.newInstance(Constructor.java:490)\r\n\tat org.openqa.selenium.remote.http.W3CHttpResponseCodec.createException(W3CHttpResponseCodec.java:187)\r\n\tat org.openqa.selenium.remote.http.W3CHttpResponseCodec.decode(W3CHttpResponseCodec.java:122)\r\n\tat org.openqa.selenium.remote.http.W3CHttpResponseCodec.decode(W3CHttpResponseCodec.java:49)\r\n\tat org.openqa.selenium.remote.HttpCommandExecutor.execute(HttpCommandExecutor.java:158)\r\n\tat org.openqa.selenium.remote.service.DriverCommandExecutor.execute(DriverCommandExecutor.java:83)\r\n\tat org.openqa.selenium.remote.RemoteWebDriver.execute(RemoteWebDriver.java:552)\r\n\tat org.openqa.selenium.remote.RemoteWebDriver.findElement(RemoteWebDriver.java:323)\r\n\tat org.openqa.selenium.remote.RemoteWebDriver.findElementByCssSelector(RemoteWebDriver.java:420)\r\n\tat org.openqa.selenium.By$ByCssSelector.findElement(By.java:431)\r\n\tat org.openqa.selenium.remote.RemoteWebDriver.findElement(RemoteWebDriver.java:315)\r\n\tat org.openqa.selenium.support.ui.ExpectedConditions$6.apply(ExpectedConditions.java:182)\r\n\tat org.openqa.selenium.support.ui.ExpectedConditions$6.apply(ExpectedConditions.java:179)\r\n\tat org.openqa.selenium.support.ui.FluentWait.until(FluentWait.java:249)\r\n\t... 45 more\r\n"},"stage":"finished","steps":[],"attachments":[],"parameters":[],"start":1670076736275,"stop":1670076748972}],"attachments":[],"parameters":[],"start":1670076736274,"stop":1670076749141},{"name":"BaseSteps.fecharNavegador()","status":"passed","stage":"finished","steps":[],"attachments":[],"parameters":[],"start":1670076749656,"stop":1670076749656}],"attachments":[],"parameters":[],"start":1670076722710,"stop":1670076749658}